{
  "stats": {
    "suites": 2,
    "tests": 10,
    "passes": 10,
    "pending": 0,
    "failures": 0,
    "start": "2018-10-18T09:43:54.637Z",
    "end": "2018-10-18T09:49:38.502Z",
    "duration": 343865,
    "testsRegistered": 10,
    "passPercent": 100,
    "pendingPercent": 0,
    "other": 0,
    "hasOther": false,
    "skipped": 0,
    "hasSkipped": false,
    "passPercentClass": "success",
    "pendingPercentClass": "danger"
  },
  "suites": {
    "uuid": "8568f27c-07bf-4cb7-a916-dd490c681318",
    "title": "",
    "fullFile": "",
    "file": "",
    "beforeHooks": [],
    "afterHooks": [],
    "tests": [],
    "suites": [
      {
        "uuid": "e3694464-bb25-41c7-8f19-9bf4241a9379",
        "title": "#登录",
        "fullFile": "/Users/yingjielee/Desktop/gitworkspace/webdriverioclient/test/Common/1login.js",
        "file": "/test/Common/1login.js",
        "beforeHooks": [
          {
            "title": "\"before all\" hook",
            "fullTitle": "#登录 \"before all\" hook",
            "timedOut": false,
            "duration": 8512,
            "pass": false,
            "fail": false,
            "pending": false,
            "code": "client = webdriverio.remote(EnvironmentVars.capabilities);\nchaiAsPromised.transferPromiseness = client.transferPromiseness;\nreturn client.init();",
            "err": {},
            "isRoot": false,
            "uuid": "6156b1b1-8746-4f66-a0de-99c1e84d064a",
            "isHook": true,
            "skipped": false
          }
        ],
        "afterHooks": [
          {
            "title": "\"after all\" hook",
            "fullTitle": "#登录 \"after all\" hook",
            "timedOut": false,
            "duration": 334,
            "pass": false,
            "fail": false,
            "pending": false,
            "code": "return client.end();",
            "err": {},
            "isRoot": false,
            "uuid": "b17226f5-28db-4efd-a432-c3464fa6fc67",
            "isHook": true,
            "skipped": false
          }
        ],
        "tests": [
          {
            "title": "登录是否可见",
            "fullTitle": "#登录 登录是否可见",
            "timedOut": false,
            "duration": 1583,
            "state": "passed",
            "speed": "slow",
            "pass": true,
            "fail": false,
            "pending": false,
            "code": "client.waitForExist(loginSelectors.LoginBtn, 5000);\nreturn client.isVisible(loginSelectors.LoginBtn).should.eventually.be.true;",
            "err": {},
            "isRoot": false,
            "uuid": "d20b7727-4292-4e34-936f-2c6e1f0399c5",
            "isHook": false,
            "skipped": false
          },
          {
            "title": "用户名为空",
            "fullTitle": "#登录 用户名为空",
            "timedOut": false,
            "duration": 9638,
            "state": "passed",
            "speed": "slow",
            "pass": true,
            "fail": false,
            "pending": false,
            "code": "return client.waitForExist(loginSelectors.UserNameTextField, 5000)\n  .click(loginSelectors.LoginBtn)\n  .waitForExist(loginSelectors.Toast, 5000)\n  .getText(loginSelectors.Toast, function (result) {\n    result.should.be.equal(\"用户名不能为空\");\n  })\n  .pause(4000);",
            "err": {},
            "isRoot": false,
            "uuid": "21d2df35-e452-4733-a664-fc319e1b60a4",
            "isHook": false,
            "skipped": false
          },
          {
            "title": "用户名设置",
            "fullTitle": "#登录 用户名设置",
            "timedOut": false,
            "duration": 9830,
            "state": "passed",
            "speed": "slow",
            "pass": true,
            "fail": false,
            "pending": false,
            "code": "return client\n  .element(loginSelectors.UserNameTextField)\n  .setValue(EnvironmentVars.UserName)\n  .getText(loginSelectors.UserNameTextField).should.eventually.be.equal(EnvironmentVars.UserName);",
            "err": {},
            "isRoot": false,
            "uuid": "0568fa5d-1855-46bb-b783-468bcc4e3ee8",
            "isHook": false,
            "skipped": false
          },
          {
            "title": "密码为空",
            "fullTitle": "#登录 密码为空",
            "timedOut": false,
            "duration": 17063,
            "state": "passed",
            "speed": "slow",
            "pass": true,
            "fail": false,
            "pending": false,
            "code": "return client\n  .click(loginSelectors.LoginBtn)\n  .waitForExist(loginSelectors.Toast, 5000)\n  .getText(loginSelectors.Toast, function (result) {\n    result.should.be.equal(\"密码不能为空\");\n  })\n  .pause(4000);",
            "err": {},
            "isRoot": false,
            "uuid": "d2b944b2-59bc-4aa8-a399-fb180596d57f",
            "isHook": false,
            "skipped": false
          },
          {
            "title": "密码设置",
            "fullTitle": "#登录 密码设置",
            "timedOut": false,
            "duration": 15454,
            "state": "passed",
            "speed": "slow",
            "pass": true,
            "fail": false,
            "pending": false,
            "code": "return client\n  .waitForExist(loginSelectors.PassWordTextField, 5000)\n  .element(loginSelectors.PassWordTextField)\n  .setValue(\"123\")\n  .getText(loginSelectors.PassWordTextField).should.eventually.be.equal('123');",
            "err": {},
            "isRoot": false,
            "uuid": "1e82fc5e-6ac3-4e38-98f6-112970fce473",
            "isHook": false,
            "skipped": false
          },
          {
            "title": "密码错误",
            "fullTitle": "#登录 密码错误",
            "timedOut": false,
            "duration": 16685,
            "state": "passed",
            "speed": "slow",
            "pass": true,
            "fail": false,
            "pending": false,
            "code": "return client\n  .click(loginSelectors.LoginBtn)\n  .waitForExist(loginSelectors.Toast, 5000)\n  .getText(loginSelectors.Toast, function (result) {\n    result.should.be.equal(\"登录失败,密码错误\");\n  })\n  .pause(4000);",
            "err": {},
            "isRoot": false,
            "uuid": "d7a8f77c-8cc1-49a6-8516-5073d04c26c9",
            "isHook": false,
            "skipped": false
          },
          {
            "title": "登录成功",
            "fullTitle": "#登录 登录成功",
            "timedOut": false,
            "duration": 27045,
            "state": "passed",
            "speed": "slow",
            "pass": true,
            "fail": false,
            "pending": false,
            "code": "return client\n  .waitForExist(loginSelectors.PassWordTextField, 5000)\n  .element(loginSelectors.PassWordTextField)\n  .setValue(EnvironmentVars.PassWord)\n  .click(loginSelectors.LoginBtn)\n  .waitForExist(\"~homelable\", 100000);",
            "err": {},
            "isRoot": false,
            "uuid": "67da783e-557e-4f86-857d-a5e854867bfc",
            "isHook": false,
            "skipped": false
          }
        ],
        "suites": [],
        "passes": [
          "d20b7727-4292-4e34-936f-2c6e1f0399c5",
          "21d2df35-e452-4733-a664-fc319e1b60a4",
          "0568fa5d-1855-46bb-b783-468bcc4e3ee8",
          "d2b944b2-59bc-4aa8-a399-fb180596d57f",
          "1e82fc5e-6ac3-4e38-98f6-112970fce473",
          "d7a8f77c-8cc1-49a6-8516-5073d04c26c9",
          "67da783e-557e-4f86-857d-a5e854867bfc"
        ],
        "failures": [],
        "pending": [],
        "skipped": [],
        "duration": 97298,
        "root": false,
        "rootEmpty": false,
        "_timeout": 1800000
      },
      {
        "uuid": "0322b5d5-babe-4eca-bf8e-db375e4833cb",
        "title": "#主页",
        "fullFile": "/Users/yingjielee/Desktop/gitworkspace/webdriverioclient/test/iOS/2ios-home.js",
        "file": "/test/iOS/2ios-home.js",
        "beforeHooks": [
          {
            "title": "\"before all\" hook",
            "fullTitle": "#主页 \"before all\" hook",
            "timedOut": false,
            "duration": 226760,
            "pass": false,
            "fail": false,
            "pending": false,
            "code": "client = webdriverio.remote(EnvironmentVars.capabilities);\nchaiAsPromised.transferPromiseness = client.transferPromiseness;\nreturn client\n  .init()\n  .waitForExist(loginSelectors.UserNameTextField, 5000)\n  .element(loginSelectors.UserNameTextField).setValue(EnvironmentVars.UserName)\n  .element(loginSelectors.PassWordTextField).setValue(EnvironmentVars.PassWord)\n  .click(loginSelectors.LoginBtn);",
            "err": {},
            "isRoot": false,
            "uuid": "c47240e3-8111-491c-a758-6afc6ac8402e",
            "isHook": true,
            "skipped": false
          }
        ],
        "afterHooks": [
          {
            "title": "\"after all\" hook",
            "fullTitle": "#主页 \"after all\" hook",
            "timedOut": false,
            "duration": 398,
            "pass": false,
            "fail": false,
            "pending": false,
            "code": "return client.end();",
            "err": {},
            "isRoot": false,
            "uuid": "fefc260a-e5e7-4d67-8380-dac6d672efc2",
            "isHook": true,
            "skipped": false
          }
        ],
        "tests": [
          {
            "title": "正确跳转到home",
            "fullTitle": "#主页 正确跳转到home",
            "timedOut": false,
            "duration": 3432,
            "state": "passed",
            "speed": "slow",
            "pass": true,
            "fail": false,
            "pending": false,
            "code": "return client.waitForExist(homeSelectors.HomeLable, 10000);",
            "err": {},
            "isRoot": false,
            "uuid": "73e15f4a-ec1c-43c0-97be-8409ab2c253f",
            "isHook": false,
            "skipped": false
          },
          {
            "title": "isVisible",
            "fullTitle": "#主页 isVisible",
            "timedOut": false,
            "duration": 412,
            "state": "passed",
            "speed": "slow",
            "pass": true,
            "fail": false,
            "pending": false,
            "code": "return client.isVisible(homeSelectors.HiddenLable).should.eventually.be.false;",
            "err": {},
            "isRoot": false,
            "uuid": "02a85836-ca4a-4c56-9886-b2d91474b843",
            "isHook": false,
            "skipped": false
          },
          {
            "title": "长按后hiddenLable显示",
            "fullTitle": "#主页 长按后hiddenLable显示",
            "timedOut": false,
            "duration": 6702,
            "state": "passed",
            "speed": "slow",
            "pass": true,
            "fail": false,
            "pending": false,
            "code": "return client\n  .execute(\"mobile: touchAndHold\",{\"x\":170,\"y\":500,\"duration\":3})\n  .pause(1000)\n  .isVisible(homeSelectors.HiddenLable).should.eventually.be.true;",
            "err": {},
            "isRoot": false,
            "uuid": "77fc7910-d48f-4a01-aec4-0610bc6b14e5",
            "isHook": false,
            "skipped": false
          }
        ],
        "suites": [],
        "passes": [
          "73e15f4a-ec1c-43c0-97be-8409ab2c253f",
          "02a85836-ca4a-4c56-9886-b2d91474b843",
          "77fc7910-d48f-4a01-aec4-0610bc6b14e5"
        ],
        "failures": [],
        "pending": [],
        "skipped": [],
        "duration": 10546,
        "root": false,
        "rootEmpty": false,
        "_timeout": 1800000
      }
    ],
    "passes": [],
    "failures": [],
    "pending": [],
    "skipped": [],
    "duration": 0,
    "root": true,
    "rootEmpty": true,
    "_timeout": 1800000
  },
  "copyrightYear": 2018
}